2024-07-31 00:05:39,651 [INFO]  * Detected change in 'E:\\Desktop\\vanii\\app_socketio.py', reloading
2024-07-31 00:05:39,702 [INFO]  * Restarting with stat
2024-07-31 00:05:40,176 [INFO] MongoDB URI: mongodb+srv://vanii123ai:jqerC5xnhiWCoKpG@vanii0.9iaqxbk.mongodb.net/
2024-07-31 00:05:40,176 [INFO] Starting Flask server.
2024-07-31 00:05:40,176 [WARNING]  * Debugger is active!
2024-07-31 00:05:40,191 [INFO]  * Debugger PIN: 573-068-401
2024-07-31 00:05:45,356 [INFO]  * Detected change in 'E:\\Desktop\\vanii\\app_socketio.py', reloading
2024-07-31 00:05:45,429 [INFO]  * Restarting with stat
2024-07-31 00:05:45,826 [INFO] MongoDB URI: mongodb+srv://vanii123ai:jqerC5xnhiWCoKpG@vanii0.9iaqxbk.mongodb.net/
2024-07-31 00:05:45,826 [INFO] Starting Flask server.
2024-07-31 00:05:45,844 [WARNING]  * Debugger is active!
2024-07-31 00:05:45,850 [INFO]  * Debugger PIN: 573-068-401
2024-07-31 00:05:47,938 [INFO]  * Detected change in 'E:\\Desktop\\vanii\\app_socketio.py', reloading
2024-07-31 00:05:47,978 [INFO]  * Restarting with stat
2024-07-31 00:05:48,380 [INFO] MongoDB URI: mongodb+srv://vanii123ai:jqerC5xnhiWCoKpG@vanii0.9iaqxbk.mongodb.net/
2024-07-31 00:05:48,391 [INFO] Starting Flask server.
2024-07-31 00:05:48,396 [WARNING]  * Debugger is active!
2024-07-31 00:05:48,403 [INFO]  * Debugger PIN: 573-068-401
2024-07-31 00:05:49,482 [INFO]  * Detected change in 'E:\\Desktop\\vanii\\app_socketio.py', reloading
2024-07-31 00:05:49,564 [INFO]  * Restarting with stat
2024-07-31 00:05:49,933 [INFO] MongoDB URI: mongodb+srv://vanii123ai:jqerC5xnhiWCoKpG@vanii0.9iaqxbk.mongodb.net/
2024-07-31 00:05:49,940 [INFO] Starting Flask server.
2024-07-31 00:05:49,957 [WARNING]  * Debugger is active!
2024-07-31 00:05:49,998 [INFO]  * Debugger PIN: 573-068-401
